<?xml version="1.0" encoding="UTF-8"?>
<!-- Generated by org.testng.reporters.JUnitReportReporter -->
<testsuite skipped="0" hostname="DESKTOP-HM4EKNT" name="test.MashreqTest" tests="2" failures="0" timestamp="21 Jul 2019 04:18:36 GMT" time="13.487" errors="0">
  <testcase name="homepage" time="8.300" classname="test.MashreqTest"/>
  <testcase name="contactpage" time="5.187" classname="test.MashreqTest"/>
</testsuite> <!-- test.MashreqTest -->
